f:\win32\win32\win32\win32\x64\debug\win32.pch
f:\win32\win32\win32\win32\x64\debug\vc143.pdb
f:\win32\win32\win32\win32\x64\debug\vc143.idb
f:\win32\win32\win32\win32\x64\debug\ccore.obj
f:\win32\win32\win32\win32\x64\debug\ckeymgr.obj
f:\win32\win32\win32\win32\x64\debug\cobject.obj
f:\win32\win32\win32\win32\x64\debug\ctimemgr.obj
f:\win32\win32\win32\win32\x64\debug\win32.obj
f:\win32\win32\win32\win32\x64\debug\win32.res
f:\win32\win32\win32\x64\debug\win32.pdb
f:\win32\win32\win32\win32\x64\debug\win32.tlog\cl.command.1.tlog
f:\win32\win32\win32\win32\x64\debug\win32.tlog\cl.read.1.tlog
f:\win32\win32\win32\win32\x64\debug\win32.tlog\cl.write.1.tlog
f:\win32\win32\win32\win32\x64\debug\win32.tlog\link-cvtres.read.1.tlog
f:\win32\win32\win32\win32\x64\debug\win32.tlog\link-cvtres.write.1.tlog
f:\win32\win32\win32\win32\x64\debug\win32.tlog\link-rc.read.1.tlog
f:\win32\win32\win32\win32\x64\debug\win32.tlog\link-rc.write.1.tlog
f:\win32\win32\win32\win32\x64\debug\win32.tlog\link.command.1.tlog
f:\win32\win32\win32\win32\x64\debug\win32.tlog\link.read.1.tlog
f:\win32\win32\win32\win32\x64\debug\win32.tlog\link.read.2.tlog
f:\win32\win32\win32\win32\x64\debug\win32.tlog\link.read.3.tlog
f:\win32\win32\win32\win32\x64\debug\win32.tlog\link.read.4.tlog
f:\win32\win32\win32\win32\x64\debug\win32.tlog\link.read.5.tlog
f:\win32\win32\win32\win32\x64\debug\win32.tlog\link.write.1.tlog
f:\win32\win32\win32\win32\x64\debug\win32.tlog\rc.command.1.tlog
f:\win32\win32\win32\win32\x64\debug\win32.tlog\rc.read.1.tlog
f:\win32\win32\win32\win32\x64\debug\win32.tlog\rc.write.1.tlog
